<?xml version="1.0" encoding="UTF-8"?>
<!-- Generated by org.testng.reporters.JUnitReportReporter -->
<testsuite hostname="Zinnun" failures="0" tests="10" name="com.restfulbooker.testcases.TA0002_GET_getBookingDetails" time="-1654669952.000" errors="2" timestamp="2022-06-08T12:31:53 BDT" skipped="8">
  <testcase classname="com.restfulbooker.testcases.TA0002_GET_getBookingDetails" name="checkServer" time="0.000">
    <skipped/>
  </testcase> <!-- checkServer -->
  <system-out/>
  <testcase classname="com.restfulbooker.testcases.TA0002_GET_getBookingDetails" name="checkContentEncoding" time="0.000">
    <skipped/>
  </testcase> <!-- checkContentEncoding -->
  <system-out/>
  <testcase classname="com.restfulbooker.testcases.TA0002_GET_getBookingDetails" name="getBookingDetails" time="0.000">
    <error message="
Method void com.restfulbooker.testcases.TA0002_GET_getBookingDetails.getBookingDetails(int) requires a @DataProvider named : bookingIdProvider" type="org.testng.TestNGException">
      <![CDATA[org.testng.TestNGException: 
Method void com.restfulbooker.testcases.TA0002_GET_getBookingDetails.getBookingDetails(int) requires a @DataProvider named : bookingIdProvider
at org.testng.internal.Parameters.findDataProvider(Parameters.java:561)
at org.testng.internal.Parameters.handleParameters(Parameters.java:772)
at org.testng.internal.Parameters.handleParameters(Parameters.java:740)
at org.testng.internal.ParameterHandler.handleParameters(ParameterHandler.java:59)
at org.testng.internal.ParameterHandler.createParameters(ParameterHandler.java:38)
at org.testng.internal.TestInvoker$MethodInvocationAgent.invoke(TestInvoker.java:791)
at org.testng.internal.TestInvoker.invokeTestMethods(TestInvoker.java:146)
at org.testng.internal.TestMethodWorker.invokeTestMethods(TestMethodWorker.java:146)
at org.testng.internal.TestMethodWorker.run(TestMethodWorker.java:128)
at java.base/java.util.ArrayList.forEach(ArrayList.java:1541)
at org.testng.TestRunner.privateRun(TestRunner.java:794)
at org.testng.TestRunner.run(TestRunner.java:596)
at org.testng.SuiteRunner.runTest(SuiteRunner.java:377)
at org.testng.SuiteRunner.runSequentially(SuiteRunner.java:371)
at org.testng.SuiteRunner.privateRun(SuiteRunner.java:332)
at org.testng.SuiteRunner.run(SuiteRunner.java:276)
at org.testng.SuiteRunnerWorker.runSuite(SuiteRunnerWorker.java:53)
at org.testng.SuiteRunnerWorker.run(SuiteRunnerWorker.java:96)
at org.testng.TestNG.runSuitesSequentially(TestNG.java:1212)
at org.testng.TestNG.runSuitesLocally(TestNG.java:1134)
at org.testng.TestNG.runSuites(TestNG.java:1063)
at org.testng.TestNG.run(TestNG.java:1031)
at org.testng.remote.AbstractRemoteTestNG.run(AbstractRemoteTestNG.java:115)
at org.testng.remote.RemoteTestNG.initAndRun(RemoteTestNG.java:251)
at org.testng.remote.RemoteTestNG.main(RemoteTestNG.java:77)
]]>
    </error>
  </testcase> <!-- getBookingDetails -->
  <system-out/>
  <testcase classname="com.restfulbooker.testcases.TA0002_GET_getBookingDetails" name="getEveryDetails" time="0.000">
    <skipped/>
  </testcase> <!-- getEveryDetails -->
  <system-out/>
  <testcase classname="com.restfulbooker.testcases.TA0002_GET_getBookingDetails" name="checkStatusLine" time="0.000">
    <skipped/>
  </testcase> <!-- checkStatusLine -->
  <system-out/>
  <testcase classname="com.restfulbooker.testcases.TA0002_GET_getBookingDetails" name="checkResponseTime" time="0.000">
    <skipped/>
  </testcase> <!-- checkResponseTime -->
  <system-out/>
  <testcase classname="com.restfulbooker.testcases.TA0002_GET_getBookingDetails" name="getAllHeaders" time="0.000">
    <skipped/>
  </testcase> <!-- getAllHeaders -->
  <system-out/>
  <testcase classname="com.restfulbooker.testcases.TA0002_GET_getBookingDetails" name="checkResponseBody" time="0.000">
    <skipped/>
  </testcase> <!-- checkResponseBody -->
  <system-out/>
  <testcase classname="com.restfulbooker.testcases.TA0002_GET_getBookingDetails" name="getBookingDetails" time="-1654669952.000">
    <error message="
Can inject only one of &lt;ITestContext, XmlTest&gt; into a @BeforeClass annotated getBookingDetails.
For more information on native dependency injection please refer to https://testng.org/doc/documentation-main.html#native-dependency-injection" type="org.testng.TestNGException">
      <![CDATA[org.testng.TestNGException: 
Can inject only one of <ITestContext, XmlTest> into a @BeforeClass annotated getBookingDetails.
For more information on native dependency injection please refer to https://testng.org/doc/documentation-main.html#native-dependency-injection
at org.testng.internal.Parameters.checkParameterTypes(Parameters.java:439)
at org.testng.internal.Parameters.createParametersForMethod(Parameters.java:353)
at org.testng.internal.Parameters.createParameters(Parameters.java:708)
at org.testng.internal.Parameters.createConfigurationParameters(Parameters.java:168)
at org.testng.internal.ConfigInvoker.invokeConfigurations(ConfigInvoker.java:302)
at org.testng.internal.TestMethodWorker.invokeBeforeClassMethods(TestMethodWorker.java:176)
at org.testng.internal.TestMethodWorker.run(TestMethodWorker.java:122)
at java.base/java.util.ArrayList.forEach(ArrayList.java:1541)
at org.testng.TestRunner.privateRun(TestRunner.java:794)
at org.testng.TestRunner.run(TestRunner.java:596)
at org.testng.SuiteRunner.runTest(SuiteRunner.java:377)
at org.testng.SuiteRunner.runSequentially(SuiteRunner.java:371)
at org.testng.SuiteRunner.privateRun(SuiteRunner.java:332)
at org.testng.SuiteRunner.run(SuiteRunner.java:276)
at org.testng.SuiteRunnerWorker.runSuite(SuiteRunnerWorker.java:53)
at org.testng.SuiteRunnerWorker.run(SuiteRunnerWorker.java:96)
at org.testng.TestNG.runSuitesSequentially(TestNG.java:1212)
at org.testng.TestNG.runSuitesLocally(TestNG.java:1134)
at org.testng.TestNG.runSuites(TestNG.java:1063)
at org.testng.TestNG.run(TestNG.java:1031)
at org.testng.remote.AbstractRemoteTestNG.run(AbstractRemoteTestNG.java:115)
at org.testng.remote.RemoteTestNG.initAndRun(RemoteTestNG.java:251)
at org.testng.remote.RemoteTestNG.main(RemoteTestNG.java:77)
]]>
    </error>
  </testcase> <!-- getBookingDetails -->
  <system-out/>
  <testcase classname="com.restfulbooker.testcases.TA0002_GET_getBookingDetails" name="checkStatusCode" time="0.000">
    <skipped/>
  </testcase> <!-- checkStatusCode -->
  <system-out/>
</testsuite> <!-- com.restfulbooker.testcases.TA0002_GET_getBookingDetails -->
